<?xml version="1.0" encoding="UTF-8"?>
<!-- Generated by org.testng.reporters.JUnitReportReporter -->
<testsuite hostname="DESKTOP-FG35CVC" failures="0" tests="1" name="Test.LoginpageTest" time="6.265" errors="0" timestamp="2022-06-06T10:56:08 PDT" skipped="0">
  <testcase classname="Test.LoginpageTest" name="signuplinktest" time="6.265"/>
  <system-out/>
</testsuite> <!-- Test.LoginpageTest -->
